0 info it worked if it ends with ok
1 verbose cli [ '/usr/bin/node',
1 verbose cli   '/usr/bin/npm',
1 verbose cli   'install',
1 verbose cli   '--save',
1 verbose cli   'jsonwebtoken' ]
2 info using npm@3.5.2
3 info using node@v8.10.0
4 silly loadCurrentTree Starting
5 silly install loadCurrentTree
6 silly install readLocalPackageData
7 silly fetchPackageMetaData jsonwebtoken
8 silly fetchNamedPackageData jsonwebtoken
9 silly mapToRegistry name jsonwebtoken
10 silly mapToRegistry using default registry
11 silly mapToRegistry registry https://registry.npmjs.org/
12 silly mapToRegistry uri https://registry.npmjs.org/jsonwebtoken
13 verbose request uri https://registry.npmjs.org/jsonwebtoken
14 verbose request no auth needed
15 info attempt registry request try #1 at 13:51:41
16 verbose request id 69faffcccaf5d2cb
17 verbose etag W/"dfcd653e713dad2dccb18025662b9df8"
18 verbose lastModified Mon, 18 Mar 2019 12:07:41 GMT
19 http request GET https://registry.npmjs.org/jsonwebtoken
20 http 304 https://registry.npmjs.org/jsonwebtoken
21 verbose headers { date: 'Fri, 03 May 2019 11:51:47 GMT',
21 verbose headers   connection: 'keep-alive',
21 verbose headers   'set-cookie':
21 verbose headers    [ '__cfduid=d61eb0c30a51f4a860a40aca0b77d07271556884307; expires=Sat, 02-May-20 11:51:47 GMT; path=/; domain=.registry.npmjs.org; HttpOnly' ],
21 verbose headers   'cf-cache-status': 'HIT',
21 verbose headers   'cache-control': 'max-age=300',
21 verbose headers   'cf-ray': '4d12066c3e47c02f-MRS',
21 verbose headers   etag: '"dfcd653e713dad2dccb18025662b9df8"',
21 verbose headers   'expect-ct': 'max-age=604800, report-uri="https://report-uri.cloudflare.com/cdn-cgi/beacon/expect-ct"',
21 verbose headers   'last-modified': 'Mon, 18 Mar 2019 12:07:41 GMT',
21 verbose headers   vary: 'accept-encoding, accept',
21 verbose headers   'x-amz-meta-rev': '454-d551d021e520f9cf5c811a30617d1831',
21 verbose headers   server: 'cloudflare' }
22 silly get cb [ 304,
22 silly get   { date: 'Fri, 03 May 2019 11:51:47 GMT',
22 silly get     connection: 'keep-alive',
22 silly get     'set-cookie':
22 silly get      [ '__cfduid=d61eb0c30a51f4a860a40aca0b77d07271556884307; expires=Sat, 02-May-20 11:51:47 GMT; path=/; domain=.registry.npmjs.org; HttpOnly' ],
22 silly get     'cf-cache-status': 'HIT',
22 silly get     'cache-control': 'max-age=300',
22 silly get     'cf-ray': '4d12066c3e47c02f-MRS',
22 silly get     etag: '"dfcd653e713dad2dccb18025662b9df8"',
22 silly get     'expect-ct': 'max-age=604800, report-uri="https://report-uri.cloudflare.com/cdn-cgi/beacon/expect-ct"',
22 silly get     'last-modified': 'Mon, 18 Mar 2019 12:07:41 GMT',
22 silly get     vary: 'accept-encoding, accept',
22 silly get     'x-amz-meta-rev': '454-d551d021e520f9cf5c811a30617d1831',
22 silly get     server: 'cloudflare' } ]
23 verbose etag https://registry.npmjs.org/jsonwebtoken from cache
24 verbose get saving jsonwebtoken to /home/tigani/.npm/registry.npmjs.org/jsonwebtoken/.cache.json
25 silly install normalizeTree
26 silly loadCurrentTree Finishing
27 silly loadIdealTree Starting
28 silly install loadIdealTree
29 silly cloneCurrentTree Starting
30 silly install cloneCurrentTreeToIdealTree
31 silly cloneCurrentTree Finishing
32 silly loadShrinkwrap Starting
33 silly install loadShrinkwrap
34 silly loadShrinkwrap Finishing
35 silly loadAllDepsIntoIdealTree Starting
36 silly install loadAllDepsIntoIdealTree
37 silly resolveWithNewModule jsonwebtoken@8.5.1 checking installable status
38 silly cache add args [ 'jsonwebtoken', null ]
39 verbose cache add spec jsonwebtoken
40 silly cache add parsed spec Result {
40 silly cache add   raw: 'jsonwebtoken',
40 silly cache add   scope: null,
40 silly cache add   name: 'jsonwebtoken',
40 silly cache add   rawSpec: '',
40 silly cache add   spec: 'latest',
40 silly cache add   type: 'tag' }
41 silly addNamed jsonwebtoken@latest
42 verbose addNamed "latest" is being treated as a dist-tag for jsonwebtoken
43 info addNameTag [ 'jsonwebtoken', 'latest' ]
44 silly mapToRegistry name jsonwebtoken
45 silly mapToRegistry using default registry
46 silly mapToRegistry registry https://registry.npmjs.org/
47 silly mapToRegistry uri https://registry.npmjs.org/jsonwebtoken
48 verbose addNameTag registry:https://registry.npmjs.org/jsonwebtoken not in flight; fetching
49 verbose get https://registry.npmjs.org/jsonwebtoken not expired, no request
50 silly addNameTag next cb for jsonwebtoken with tag latest
51 silly addNamed jsonwebtoken@8.5.1
52 verbose addNamed "8.5.1" is a plain semver version for jsonwebtoken
53 silly cache afterAdd jsonwebtoken@8.5.1
54 verbose afterAdd /home/tigani/.npm/jsonwebtoken/8.5.1/package/package.json not in flight; writing
55 verbose afterAdd /home/tigani/.npm/jsonwebtoken/8.5.1/package/package.json written
56 silly fetchNamedPackageData jws
57 silly mapToRegistry name jws
58 silly mapToRegistry using default registry
59 silly mapToRegistry registry https://registry.npmjs.org/
60 silly mapToRegistry uri https://registry.npmjs.org/jws
61 silly fetchNamedPackageData lodash.includes
62 silly mapToRegistry name lodash.includes
63 silly mapToRegistry using default registry
64 silly mapToRegistry registry https://registry.npmjs.org/
65 silly mapToRegistry uri https://registry.npmjs.org/lodash.includes
66 silly fetchNamedPackageData lodash.isboolean
67 silly mapToRegistry name lodash.isboolean
68 silly mapToRegistry using default registry
69 silly mapToRegistry registry https://registry.npmjs.org/
70 silly mapToRegistry uri https://registry.npmjs.org/lodash.isboolean
71 silly fetchNamedPackageData lodash.isinteger
72 silly mapToRegistry name lodash.isinteger
73 silly mapToRegistry using default registry
74 silly mapToRegistry registry https://registry.npmjs.org/
75 silly mapToRegistry uri https://registry.npmjs.org/lodash.isinteger
76 silly fetchNamedPackageData lodash.isnumber
77 silly mapToRegistry name lodash.isnumber
78 silly mapToRegistry using default registry
79 silly mapToRegistry registry https://registry.npmjs.org/
80 silly mapToRegistry uri https://registry.npmjs.org/lodash.isnumber
81 silly fetchNamedPackageData lodash.isplainobject
82 silly mapToRegistry name lodash.isplainobject
83 silly mapToRegistry using default registry
84 silly mapToRegistry registry https://registry.npmjs.org/
85 silly mapToRegistry uri https://registry.npmjs.org/lodash.isplainobject
86 silly fetchNamedPackageData lodash.isstring
87 silly mapToRegistry name lodash.isstring
88 silly mapToRegistry using default registry
89 silly mapToRegistry registry https://registry.npmjs.org/
90 silly mapToRegistry uri https://registry.npmjs.org/lodash.isstring
91 silly fetchNamedPackageData lodash.once
92 silly mapToRegistry name lodash.once
93 silly mapToRegistry using default registry
94 silly mapToRegistry registry https://registry.npmjs.org/
95 silly mapToRegistry uri https://registry.npmjs.org/lodash.once
96 silly fetchNamedPackageData ms
97 silly mapToRegistry name ms
98 silly mapToRegistry using default registry
99 silly mapToRegistry registry https://registry.npmjs.org/
100 silly mapToRegistry uri https://registry.npmjs.org/ms
101 verbose request uri https://registry.npmjs.org/lodash.isboolean
102 verbose request no auth needed
103 info attempt registry request try #1 at 13:51:48
104 http request GET https://registry.npmjs.org/lodash.isboolean
105 verbose request uri https://registry.npmjs.org/lodash.isinteger
106 verbose request no auth needed
107 info attempt registry request try #1 at 13:51:48
108 http request GET https://registry.npmjs.org/lodash.isinteger
109 verbose request uri https://registry.npmjs.org/lodash.isplainobject
110 verbose request no auth needed
111 info attempt registry request try #1 at 13:51:48
112 http request GET https://registry.npmjs.org/lodash.isplainobject
113 verbose request uri https://registry.npmjs.org/lodash.isstring
114 verbose request no auth needed
115 info attempt registry request try #1 at 13:51:48
116 http request GET https://registry.npmjs.org/lodash.isstring
117 verbose request uri https://registry.npmjs.org/lodash.once
118 verbose request no auth needed
119 info attempt registry request try #1 at 13:51:48
120 http request GET https://registry.npmjs.org/lodash.once
121 verbose request uri https://registry.npmjs.org/jws
122 verbose request no auth needed
123 info attempt registry request try #1 at 13:51:48
124 verbose etag W/"56e5d6a75c6a6d241df4b51c47030d55"
125 verbose lastModified Sat, 16 Mar 2019 15:26:21 GMT
126 http request GET https://registry.npmjs.org/jws
127 verbose request uri https://registry.npmjs.org/lodash.includes
128 verbose request no auth needed
129 info attempt registry request try #1 at 13:51:48
130 verbose etag W/"b654d2d563188f63369055a3b6801874"
131 verbose lastModified Sun, 27 May 2018 06:58:32 GMT
132 http request GET https://registry.npmjs.org/lodash.includes
133 verbose request uri https://registry.npmjs.org/lodash.isnumber
134 verbose request no auth needed
135 info attempt registry request try #1 at 13:51:48
136 verbose etag W/"01896db730c956173fcf0b6aec3e1170"
137 verbose lastModified Sun, 27 May 2018 06:58:40 GMT
138 http request GET https://registry.npmjs.org/lodash.isnumber
139 verbose request uri https://registry.npmjs.org/ms
140 verbose request no auth needed
141 info attempt registry request try #1 at 13:51:48
142 verbose etag W/"22cc54b0ce52bb43e0c70f45fa0da474"
143 verbose lastModified Thu, 07 Mar 2019 13:11:10 GMT
144 http request GET https://registry.npmjs.org/ms
145 http 200 https://registry.npmjs.org/lodash.isboolean
146 verbose headers { date: 'Fri, 03 May 2019 11:51:48 GMT',
146 verbose headers   'content-type': 'application/json; charset=UTF-8',
146 verbose headers   'transfer-encoding': 'chunked',
146 verbose headers   connection: 'keep-alive',
146 verbose headers   'set-cookie':
146 verbose headers    [ '__cfduid=daa268cc279177a28af7095a9ca23b96e1556884308; expires=Sat, 02-May-20 11:51:48 GMT; path=/; domain=.registry.npmjs.org; HttpOnly' ],
146 verbose headers   'cf-cache-status': 'HIT',
146 verbose headers   'cache-control': 'max-age=300',
146 verbose headers   'cf-ray': '4d1206731ec5c02f-MRS',
146 verbose headers   etag: 'W/"2cc2c6098a3b797e1d486125c8f7d64e"',
146 verbose headers   'expect-ct': 'max-age=604800, report-uri="https://report-uri.cloudflare.com/cdn-cgi/beacon/expect-ct"',
146 verbose headers   'last-modified': 'Sun, 27 May 2018 06:58:36 GMT',
146 verbose headers   vary: 'accept-encoding, accept',
146 verbose headers   server: 'cloudflare',
146 verbose headers   'content-encoding': 'gzip' }
147 silly get cb [ 200,
147 silly get   { date: 'Fri, 03 May 2019 11:51:48 GMT',
147 silly get     'content-type': 'application/json; charset=UTF-8',
147 silly get     'transfer-encoding': 'chunked',
147 silly get     connection: 'keep-alive',
147 silly get     'set-cookie':
147 silly get      [ '__cfduid=daa268cc279177a28af7095a9ca23b96e1556884308; expires=Sat, 02-May-20 11:51:48 GMT; path=/; domain=.registry.npmjs.org; HttpOnly' ],
147 silly get     'cf-cache-status': 'HIT',
147 silly get     'cache-control': 'max-age=300',
147 silly get     'cf-ray': '4d1206731ec5c02f-MRS',
147 silly get     etag: 'W/"2cc2c6098a3b797e1d486125c8f7d64e"',
147 silly get     'expect-ct': 'max-age=604800, report-uri="https://report-uri.cloudflare.com/cdn-cgi/beacon/expect-ct"',
147 silly get     'last-modified': 'Sun, 27 May 2018 06:58:36 GMT',
147 silly get     vary: 'accept-encoding, accept',
147 silly get     server: 'cloudflare',
147 silly get     'content-encoding': 'gzip' } ]
148 verbose get saving lodash.isboolean to /home/tigani/.npm/registry.npmjs.org/lodash.isboolean/.cache.json
149 silly resolveWithNewModule lodash.isboolean@3.0.3 checking installable status
150 silly cache add args [ 'lodash.isboolean@^3.0.3', null ]
151 verbose cache add spec lodash.isboolean@^3.0.3
152 silly cache add parsed spec Result {
152 silly cache add   raw: 'lodash.isboolean@^3.0.3',
152 silly cache add   scope: null,
152 silly cache add   name: 'lodash.isboolean',
152 silly cache add   rawSpec: '^3.0.3',
152 silly cache add   spec: '>=3.0.3 <4.0.0',
152 silly cache add   type: 'range' }
153 silly addNamed lodash.isboolean@>=3.0.3 <4.0.0
154 verbose addNamed ">=3.0.3 <4.0.0" is a valid semver range for lodash.isboolean
155 silly addNameRange { name: 'lodash.isboolean',
155 silly addNameRange   range: '>=3.0.3 <4.0.0',
155 silly addNameRange   hasData: false }
156 silly mapToRegistry name lodash.isboolean
157 silly mapToRegistry using default registry
158 silly mapToRegistry registry https://registry.npmjs.org/
159 silly mapToRegistry uri https://registry.npmjs.org/lodash.isboolean
160 verbose addNameRange registry:https://registry.npmjs.org/lodash.isboolean not in flight; fetching
161 verbose get https://registry.npmjs.org/lodash.isboolean not expired, no request
162 silly addNameRange number 2 { name: 'lodash.isboolean',
162 silly addNameRange   range: '>=3.0.3 <4.0.0',
162 silly addNameRange   hasData: true }
163 silly addNameRange versions [ 'lodash.isboolean',
163 silly addNameRange   [ '2.0.0',
163 silly addNameRange     '2.1.0',
163 silly addNameRange     '2.2.0',
163 silly addNameRange     '2.2.1',
163 silly addNameRange     '2.3.0',
163 silly addNameRange     '2.4.0',
163 silly addNameRange     '2.4.1',
163 silly addNameRange     '3.0.0',
163 silly addNameRange     '3.0.1',
163 silly addNameRange     '3.0.2',
163 silly addNameRange     '3.0.3' ] ]
164 silly addNamed lodash.isboolean@3.0.3
165 verbose addNamed "3.0.3" is a plain semver version for lodash.isboolean
166 silly mapToRegistry name lodash.isboolean
167 silly mapToRegistry using default registry
168 silly mapToRegistry registry https://registry.npmjs.org/
169 silly mapToRegistry uri https://registry.npmjs.org/lodash.isboolean
170 verbose addRemoteTarball https://registry.npmjs.org/lodash.isboolean/-/lodash.isboolean-3.0.3.tgz not in flight; adding
171 verbose addRemoteTarball [ 'https://registry.npmjs.org/lodash.isboolean/-/lodash.isboolean-3.0.3.tgz',
171 verbose addRemoteTarball   '6c2e171db2a257cd96802fd43b01b20d5f5870f6' ]
172 info retry fetch attempt 1 at 13:51:50
173 info attempt registry request try #1 at 13:51:50
174 http fetch GET https://registry.npmjs.org/lodash.isboolean/-/lodash.isboolean-3.0.3.tgz
175 http fetch 200 https://registry.npmjs.org/lodash.isboolean/-/lodash.isboolean-3.0.3.tgz
176 silly fetchAndShaCheck shasum 6c2e171db2a257cd96802fd43b01b20d5f5870f6
177 verbose addTmpTarball /tmp/npm-4281-dad30c74/registry.npmjs.org/lodash.isboolean/-/lodash.isboolean-3.0.3.tgz not in flight; adding
178 verbose addTmpTarball already have metadata; skipping unpack for lodash.isboolean@3.0.3
179 silly cache afterAdd lodash.isboolean@3.0.3
180 verbose afterAdd /home/tigani/.npm/lodash.isboolean/3.0.3/package/package.json not in flight; writing
181 verbose afterAdd /home/tigani/.npm/lodash.isboolean/3.0.3/package/package.json written
182 http 200 https://registry.npmjs.org/lodash.isinteger
183 verbose headers { date: 'Fri, 03 May 2019 11:51:52 GMT',
183 verbose headers   'content-type': 'application/json; charset=UTF-8',
183 verbose headers   'transfer-encoding': 'chunked',
183 verbose headers   connection: 'keep-alive',
183 verbose headers   'set-cookie':
183 verbose headers    [ '__cfduid=d1646c278e38cfbb1aeb3baaf49a853f41556884312; expires=Sat, 02-May-20 11:51:52 GMT; path=/; domain=.registry.npmjs.org; HttpOnly' ],
183 verbose headers   'cf-cache-status': 'HIT',
183 verbose headers   'cache-control': 'max-age=300',
183 verbose headers   'cf-ray': '4d1206864e9ac01b-MRS',
183 verbose headers   etag: 'W/"7f8105217103ca471e4c9bd4abf2bef8"',
183 verbose headers   'expect-ct': 'max-age=604800, report-uri="https://report-uri.cloudflare.com/cdn-cgi/beacon/expect-ct"',
183 verbose headers   'last-modified': 'Sun, 27 May 2018 06:58:38 GMT',
183 verbose headers   vary: 'accept-encoding, accept',
183 verbose headers   server: 'cloudflare',
183 verbose headers   'content-encoding': 'gzip' }
184 silly get cb [ 200,
184 silly get   { date: 'Fri, 03 May 2019 11:51:52 GMT',
184 silly get     'content-type': 'application/json; charset=UTF-8',
184 silly get     'transfer-encoding': 'chunked',
184 silly get     connection: 'keep-alive',
184 silly get     'set-cookie':
184 silly get      [ '__cfduid=d1646c278e38cfbb1aeb3baaf49a853f41556884312; expires=Sat, 02-May-20 11:51:52 GMT; path=/; domain=.registry.npmjs.org; HttpOnly' ],
184 silly get     'cf-cache-status': 'HIT',
184 silly get     'cache-control': 'max-age=300',
184 silly get     'cf-ray': '4d1206864e9ac01b-MRS',
184 silly get     etag: 'W/"7f8105217103ca471e4c9bd4abf2bef8"',
184 silly get     'expect-ct': 'max-age=604800, report-uri="https://report-uri.cloudflare.com/cdn-cgi/beacon/expect-ct"',
184 silly get     'last-modified': 'Sun, 27 May 2018 06:58:38 GMT',
184 silly get     vary: 'accept-encoding, accept',
184 silly get     server: 'cloudflare',
184 silly get     'content-encoding': 'gzip' } ]
185 verbose get saving lodash.isinteger to /home/tigani/.npm/registry.npmjs.org/lodash.isinteger/.cache.json
186 silly resolveWithNewModule lodash.isinteger@4.0.4 checking installable status
187 silly cache add args [ 'lodash.isinteger@^4.0.4', null ]
188 verbose cache add spec lodash.isinteger@^4.0.4
189 silly cache add parsed spec Result {
189 silly cache add   raw: 'lodash.isinteger@^4.0.4',
189 silly cache add   scope: null,
189 silly cache add   name: 'lodash.isinteger',
189 silly cache add   rawSpec: '^4.0.4',
189 silly cache add   spec: '>=4.0.4 <5.0.0',
189 silly cache add   type: 'range' }
190 silly addNamed lodash.isinteger@>=4.0.4 <5.0.0
191 verbose addNamed ">=4.0.4 <5.0.0" is a valid semver range for lodash.isinteger
192 silly addNameRange { name: 'lodash.isinteger',
192 silly addNameRange   range: '>=4.0.4 <5.0.0',
192 silly addNameRange   hasData: false }
193 silly mapToRegistry name lodash.isinteger
194 silly mapToRegistry using default registry
195 silly mapToRegistry registry https://registry.npmjs.org/
196 silly mapToRegistry uri https://registry.npmjs.org/lodash.isinteger
197 verbose addNameRange registry:https://registry.npmjs.org/lodash.isinteger not in flight; fetching
198 verbose get https://registry.npmjs.org/lodash.isinteger not expired, no request
199 silly addNameRange number 2 { name: 'lodash.isinteger',
199 silly addNameRange   range: '>=4.0.4 <5.0.0',
199 silly addNameRange   hasData: true }
200 silly addNameRange versions [ 'lodash.isinteger',
200 silly addNameRange   [ '4.0.0', '4.0.1', '4.0.2', '4.0.3', '4.0.4' ] ]
201 silly addNamed lodash.isinteger@4.0.4
202 verbose addNamed "4.0.4" is a plain semver version for lodash.isinteger
203 silly mapToRegistry name lodash.isinteger
204 silly mapToRegistry using default registry
205 silly mapToRegistry registry https://registry.npmjs.org/
206 silly mapToRegistry uri https://registry.npmjs.org/lodash.isinteger
207 verbose addRemoteTarball https://registry.npmjs.org/lodash.isinteger/-/lodash.isinteger-4.0.4.tgz not in flight; adding
208 verbose addRemoteTarball [ 'https://registry.npmjs.org/lodash.isinteger/-/lodash.isinteger-4.0.4.tgz',
208 verbose addRemoteTarball   '619c0af3d03f8b04c31f5882840b77b11cd68343' ]
209 info retry fetch attempt 1 at 13:51:55
210 info attempt registry request try #1 at 13:51:55
211 http fetch GET https://registry.npmjs.org/lodash.isinteger/-/lodash.isinteger-4.0.4.tgz
212 http 200 https://registry.npmjs.org/lodash.isstring
213 verbose headers { date: 'Fri, 03 May 2019 11:51:53 GMT',
213 verbose headers   'content-type': 'application/json; charset=UTF-8',
213 verbose headers   'transfer-encoding': 'chunked',
213 verbose headers   connection: 'keep-alive',
213 verbose headers   'set-cookie':
213 verbose headers    [ '__cfduid=ddcaaa8ac780edcc46bec1013daff087f1556884313; expires=Sat, 02-May-20 11:51:53 GMT; path=/; domain=.registry.npmjs.org; HttpOnly' ],
213 verbose headers   'cf-cache-status': 'HIT',
213 verbose headers   'cache-control': 'max-age=300',
213 verbose headers   'cf-ray': '4d12068dae06c011-MRS',
213 verbose headers   etag: 'W/"9d2af7ee03fb1e4f8f6e2940bcb57f69"',
213 verbose headers   'expect-ct': 'max-age=604800, report-uri="https://report-uri.cloudflare.com/cdn-cgi/beacon/expect-ct"',
213 verbose headers   'last-modified': 'Sun, 27 May 2018 06:58:41 GMT',
213 verbose headers   vary: 'accept-encoding, accept',
213 verbose headers   server: 'cloudflare',
213 verbose headers   'content-encoding': 'gzip' }
214 silly get cb [ 200,
214 silly get   { date: 'Fri, 03 May 2019 11:51:53 GMT',
214 silly get     'content-type': 'application/json; charset=UTF-8',
214 silly get     'transfer-encoding': 'chunked',
214 silly get     connection: 'keep-alive',
214 silly get     'set-cookie':
214 silly get      [ '__cfduid=ddcaaa8ac780edcc46bec1013daff087f1556884313; expires=Sat, 02-May-20 11:51:53 GMT; path=/; domain=.registry.npmjs.org; HttpOnly' ],
214 silly get     'cf-cache-status': 'HIT',
214 silly get     'cache-control': 'max-age=300',
214 silly get     'cf-ray': '4d12068dae06c011-MRS',
214 silly get     etag: 'W/"9d2af7ee03fb1e4f8f6e2940bcb57f69"',
214 silly get     'expect-ct': 'max-age=604800, report-uri="https://report-uri.cloudflare.com/cdn-cgi/beacon/expect-ct"',
214 silly get     'last-modified': 'Sun, 27 May 2018 06:58:41 GMT',
214 silly get     vary: 'accept-encoding, accept',
214 silly get     server: 'cloudflare',
214 silly get     'content-encoding': 'gzip' } ]
215 verbose get saving lodash.isstring to /home/tigani/.npm/registry.npmjs.org/lodash.isstring/.cache.json
216 silly resolveWithNewModule lodash.isstring@4.0.1 checking installable status
217 silly cache add args [ 'lodash.isstring@^4.0.1', null ]
218 verbose cache add spec lodash.isstring@^4.0.1
219 silly cache add parsed spec Result {
219 silly cache add   raw: 'lodash.isstring@^4.0.1',
219 silly cache add   scope: null,
219 silly cache add   name: 'lodash.isstring',
219 silly cache add   rawSpec: '^4.0.1',
219 silly cache add   spec: '>=4.0.1 <5.0.0',
219 silly cache add   type: 'range' }
220 silly addNamed lodash.isstring@>=4.0.1 <5.0.0
221 verbose addNamed ">=4.0.1 <5.0.0" is a valid semver range for lodash.isstring
222 silly addNameRange { name: 'lodash.isstring',
222 silly addNameRange   range: '>=4.0.1 <5.0.0',
222 silly addNameRange   hasData: false }
223 silly mapToRegistry name lodash.isstring
224 silly mapToRegistry using default registry
225 silly mapToRegistry registry https://registry.npmjs.org/
226 silly mapToRegistry uri https://registry.npmjs.org/lodash.isstring
227 verbose addNameRange registry:https://registry.npmjs.org/lodash.isstring not in flight; fetching
228 verbose get https://registry.npmjs.org/lodash.isstring not expired, no request
229 silly addNameRange number 2 { name: 'lodash.isstring',
229 silly addNameRange   range: '>=4.0.1 <5.0.0',
229 silly addNameRange   hasData: true }
230 silly addNameRange versions [ 'lodash.isstring',
230 silly addNameRange   [ '2.0.0',
230 silly addNameRange     '2.1.0',
230 silly addNameRange     '2.2.0',
230 silly addNameRange     '2.2.1',
230 silly addNameRange     '2.3.0',
230 silly addNameRange     '2.4.0',
230 silly addNameRange     '2.4.1',
230 silly addNameRange     '3.0.0',
230 silly addNameRange     '3.0.1',
230 silly addNameRange     '4.0.0',
230 silly addNameRange     '4.0.1' ] ]
231 silly addNamed lodash.isstring@4.0.1
232 verbose addNamed "4.0.1" is a plain semver version for lodash.isstring
233 silly mapToRegistry name lodash.isstring
234 silly mapToRegistry using default registry
235 silly mapToRegistry registry https://registry.npmjs.org/
236 silly mapToRegistry uri https://registry.npmjs.org/lodash.isstring
237 verbose addRemoteTarball https://registry.npmjs.org/lodash.isstring/-/lodash.isstring-4.0.1.tgz not in flight; adding
238 verbose addRemoteTarball [ 'https://registry.npmjs.org/lodash.isstring/-/lodash.isstring-4.0.1.tgz',
238 verbose addRemoteTarball   'd527dfb5456eca7cc9bb95d5daeaf88ba54a5451' ]
239 info retry fetch attempt 1 at 13:51:58
240 info attempt registry request try #1 at 13:51:58
241 http fetch GET https://registry.npmjs.org/lodash.isstring/-/lodash.isstring-4.0.1.tgz
242 http 200 https://registry.npmjs.org/lodash.isplainobject
243 verbose headers { date: 'Fri, 03 May 2019 11:51:53 GMT',
243 verbose headers   'content-type': 'application/json; charset=UTF-8',
243 verbose headers   'transfer-encoding': 'chunked',
243 verbose headers   connection: 'keep-alive',
243 verbose headers   'set-cookie':
243 verbose headers    [ '__cfduid=d08cd9ab177fc3389cd8177ae1acda7ba1556884313; expires=Sat, 02-May-20 11:51:53 GMT; path=/; domain=.registry.npmjs.org; HttpOnly' ],
243 verbose headers   'cf-cache-status': 'HIT',
243 verbose headers   'cache-control': 'max-age=300',
243 verbose headers   'cf-ray': '4d12068e39d9c061-MRS',
243 verbose headers   etag: 'W/"83144c72bb847187f8c3ecc7e015391c"',
243 verbose headers   'expect-ct': 'max-age=604800, report-uri="https://report-uri.cloudflare.com/cdn-cgi/beacon/expect-ct"',
243 verbose headers   'last-modified': 'Sun, 27 May 2018 06:58:40 GMT',
243 verbose headers   vary: 'accept-encoding, accept',
243 verbose headers   server: 'cloudflare',
243 verbose headers   'content-encoding': 'gzip' }
244 silly get cb [ 200,
244 silly get   { date: 'Fri, 03 May 2019 11:51:53 GMT',
244 silly get     'content-type': 'application/json; charset=UTF-8',
244 silly get     'transfer-encoding': 'chunked',
244 silly get     connection: 'keep-alive',
244 silly get     'set-cookie':
244 silly get      [ '__cfduid=d08cd9ab177fc3389cd8177ae1acda7ba1556884313; expires=Sat, 02-May-20 11:51:53 GMT; path=/; domain=.registry.npmjs.org; HttpOnly' ],
244 silly get     'cf-cache-status': 'HIT',
244 silly get     'cache-control': 'max-age=300',
244 silly get     'cf-ray': '4d12068e39d9c061-MRS',
244 silly get     etag: 'W/"83144c72bb847187f8c3ecc7e015391c"',
244 silly get     'expect-ct': 'max-age=604800, report-uri="https://report-uri.cloudflare.com/cdn-cgi/beacon/expect-ct"',
244 silly get     'last-modified': 'Sun, 27 May 2018 06:58:40 GMT',
244 silly get     vary: 'accept-encoding, accept',
244 silly get     server: 'cloudflare',
244 silly get     'content-encoding': 'gzip' } ]
245 verbose get saving lodash.isplainobject to /home/tigani/.npm/registry.npmjs.org/lodash.isplainobject/.cache.json
246 silly resolveWithNewModule lodash.isplainobject@4.0.6 checking installable status
247 silly cache add args [ 'lodash.isplainobject@^4.0.6', null ]
248 verbose cache add spec lodash.isplainobject@^4.0.6
249 silly cache add parsed spec Result {
249 silly cache add   raw: 'lodash.isplainobject@^4.0.6',
249 silly cache add   scope: null,
249 silly cache add   name: 'lodash.isplainobject',
249 silly cache add   rawSpec: '^4.0.6',
249 silly cache add   spec: '>=4.0.6 <5.0.0',
249 silly cache add   type: 'range' }
250 silly addNamed lodash.isplainobject@>=4.0.6 <5.0.0
251 verbose addNamed ">=4.0.6 <5.0.0" is a valid semver range for lodash.isplainobject
252 silly addNameRange { name: 'lodash.isplainobject',
252 silly addNameRange   range: '>=4.0.6 <5.0.0',
252 silly addNameRange   hasData: false }
253 silly mapToRegistry name lodash.isplainobject
254 silly mapToRegistry using default registry
255 silly mapToRegistry registry https://registry.npmjs.org/
256 silly mapToRegistry uri https://registry.npmjs.org/lodash.isplainobject
257 verbose addNameRange registry:https://registry.npmjs.org/lodash.isplainobject not in flight; fetching
258 verbose get https://registry.npmjs.org/lodash.isplainobject not expired, no request
259 silly addNameRange number 2 { name: 'lodash.isplainobject',
259 silly addNameRange   range: '>=4.0.6 <5.0.0',
259 silly addNameRange   hasData: true }
260 silly addNameRange versions [ 'lodash.isplainobject',
260 silly addNameRange   [ '2.0.0',
260 silly addNameRange     '2.1.0',
260 silly addNameRange     '2.2.0',
260 silly addNameRange     '2.2.1',
260 silly addNameRange     '2.3.0',
260 silly addNameRange     '2.4.0',
260 silly addNameRange     '2.4.1',
260 silly addNameRange     '3.0.0',
260 silly addNameRange     '3.0.1',
260 silly addNameRange     '3.0.2',
260 silly addNameRange     '3.1.0',
260 silly addNameRange     '3.2.0',
260 silly addNameRange     '4.0.0',
260 silly addNameRange     '4.0.1',
260 silly addNameRange     '4.0.2',
260 silly addNameRange     '4.0.3',
260 silly addNameRange     '4.0.4',
260 silly addNameRange     '4.0.5',
260 silly addNameRange     '4.0.6' ] ]
261 silly addNamed lodash.isplainobject@4.0.6
262 verbose addNamed "4.0.6" is a plain semver version for lodash.isplainobject
263 silly mapToRegistry name lodash.isplainobject
264 silly mapToRegistry using default registry
265 silly mapToRegistry registry https://registry.npmjs.org/
266 silly mapToRegistry uri https://registry.npmjs.org/lodash.isplainobject
267 verbose addRemoteTarball https://registry.npmjs.org/lodash.isplainobject/-/lodash.isplainobject-4.0.6.tgz not in flight; adding
268 verbose addRemoteTarball [ 'https://registry.npmjs.org/lodash.isplainobject/-/lodash.isplainobject-4.0.6.tgz',
268 verbose addRemoteTarball   '7c526a52d89b45c45cc690b88163be0497f550cb' ]
269 info retry fetch attempt 1 at 13:51:59
270 info attempt registry request try #1 at 13:51:59
271 http fetch GET https://registry.npmjs.org/lodash.isplainobject/-/lodash.isplainobject-4.0.6.tgz
272 http 200 https://registry.npmjs.org/lodash.once
273 verbose headers { date: 'Fri, 03 May 2019 11:51:54 GMT',
273 verbose headers   'content-type': 'application/json; charset=UTF-8',
273 verbose headers   'transfer-encoding': 'chunked',
273 verbose headers   connection: 'keep-alive',
273 verbose headers   'set-cookie':
273 verbose headers    [ '__cfduid=de69ca898ca9588c2d3a6540e7a90869b1556884314; expires=Sat, 02-May-20 11:51:54 GMT; path=/; domain=.registry.npmjs.org; HttpOnly' ],
273 verbose headers   'cf-cache-status': 'HIT',
273 verbose headers   'cache-control': 'max-age=300',
273 verbose headers   'cf-ray': '4d120693c8abc02a-MRS',
273 verbose headers   etag: 'W/"27996f8849b16cd894fb0d57de1e0ad7"',
273 verbose headers   'expect-ct': 'max-age=604800, report-uri="https://report-uri.cloudflare.com/cdn-cgi/beacon/expect-ct"',
273 verbose headers   'last-modified': 'Sun, 27 May 2018 06:58:49 GMT',
273 verbose headers   vary: 'accept-encoding, accept',
273 verbose headers   server: 'cloudflare',
273 verbose headers   'content-encoding': 'gzip' }
274 silly get cb [ 200,
274 silly get   { date: 'Fri, 03 May 2019 11:51:54 GMT',
274 silly get     'content-type': 'application/json; charset=UTF-8',
274 silly get     'transfer-encoding': 'chunked',
274 silly get     connection: 'keep-alive',
274 silly get     'set-cookie':
274 silly get      [ '__cfduid=de69ca898ca9588c2d3a6540e7a90869b1556884314; expires=Sat, 02-May-20 11:51:54 GMT; path=/; domain=.registry.npmjs.org; HttpOnly' ],
274 silly get     'cf-cache-status': 'HIT',
274 silly get     'cache-control': 'max-age=300',
274 silly get     'cf-ray': '4d120693c8abc02a-MRS',
274 silly get     etag: 'W/"27996f8849b16cd894fb0d57de1e0ad7"',
274 silly get     'expect-ct': 'max-age=604800, report-uri="https://report-uri.cloudflare.com/cdn-cgi/beacon/expect-ct"',
274 silly get     'last-modified': 'Sun, 27 May 2018 06:58:49 GMT',
274 silly get     vary: 'accept-encoding, accept',
274 silly get     server: 'cloudflare',
274 silly get     'content-encoding': 'gzip' } ]
275 verbose get saving lodash.once to /home/tigani/.npm/registry.npmjs.org/lodash.once/.cache.json
276 silly resolveWithNewModule lodash.once@4.1.1 checking installable status
277 silly cache add args [ 'lodash.once@^4.0.0', null ]
278 verbose cache add spec lodash.once@^4.0.0
279 silly cache add parsed spec Result {
279 silly cache add   raw: 'lodash.once@^4.0.0',
279 silly cache add   scope: null,
279 silly cache add   name: 'lodash.once',
279 silly cache add   rawSpec: '^4.0.0',
279 silly cache add   spec: '>=4.0.0 <5.0.0',
279 silly cache add   type: 'range' }
280 silly addNamed lodash.once@>=4.0.0 <5.0.0
281 verbose addNamed ">=4.0.0 <5.0.0" is a valid semver range for lodash.once
282 silly addNameRange { name: 'lodash.once', range: '>=4.0.0 <5.0.0', hasData: false }
283 silly mapToRegistry name lodash.once
284 silly mapToRegistry using default registry
285 silly mapToRegistry registry https://registry.npmjs.org/
286 silly mapToRegistry uri https://registry.npmjs.org/lodash.once
287 verbose addNameRange registry:https://registry.npmjs.org/lodash.once not in flight; fetching
288 verbose get https://registry.npmjs.org/lodash.once not expired, no request
289 silly addNameRange number 2 { name: 'lodash.once', range: '>=4.0.0 <5.0.0', hasData: true }
290 silly addNameRange versions [ 'lodash.once',
290 silly addNameRange   [ '2.0.0',
290 silly addNameRange     '2.1.0',
290 silly addNameRange     '2.2.0',
290 silly addNameRange     '2.2.1',
290 silly addNameRange     '2.3.0',
290 silly addNameRange     '2.4.0',
290 silly addNameRange     '2.4.1',
290 silly addNameRange     '3.0.0',
290 silly addNameRange     '3.0.1',
290 silly addNameRange     '4.0.0',
290 silly addNameRange     '4.1.0',
290 silly addNameRange     '4.1.1' ] ]
291 silly addNamed lodash.once@4.1.1
292 verbose addNamed "4.1.1" is a plain semver version for lodash.once
293 silly mapToRegistry name lodash.once
294 silly mapToRegistry using default registry
295 silly mapToRegistry registry https://registry.npmjs.org/
296 silly mapToRegistry uri https://registry.npmjs.org/lodash.once
297 verbose addRemoteTarball https://registry.npmjs.org/lodash.once/-/lodash.once-4.1.1.tgz not in flight; adding
298 verbose addRemoteTarball [ 'https://registry.npmjs.org/lodash.once/-/lodash.once-4.1.1.tgz',
298 verbose addRemoteTarball   '0dd3971213c7c56df880977d504c88fb471a97ac' ]
299 info retry fetch attempt 1 at 13:52:00
300 info attempt registry request try #1 at 13:52:00
301 http fetch GET https://registry.npmjs.org/lodash.once/-/lodash.once-4.1.1.tgz
302 http 304 https://registry.npmjs.org/jws
303 verbose headers { date: 'Fri, 03 May 2019 11:51:54 GMT',
303 verbose headers   connection: 'keep-alive',
303 verbose headers   'set-cookie':
303 verbose headers    [ '__cfduid=d4b3528ca474ba067f0ec2a2db8644cdd1556884314; expires=Sat, 02-May-20 11:51:54 GMT; path=/; domain=.registry.npmjs.org; HttpOnly' ],
303 verbose headers   'cf-cache-status': 'HIT',
303 verbose headers   'cache-control': 'max-age=300',
303 verbose headers   'cf-ray': '4d120694afc7c057-MRS',
303 verbose headers   etag: '"56e5d6a75c6a6d241df4b51c47030d55"',
303 verbose headers   'expect-ct': 'max-age=604800, report-uri="https://report-uri.cloudflare.com/cdn-cgi/beacon/expect-ct"',
303 verbose headers   'last-modified': 'Sat, 16 Mar 2019 15:26:21 GMT',
303 verbose headers   vary: 'accept-encoding, accept',
303 verbose headers   'x-amz-meta-rev': '53-8164f1445840e661f870f1094022c4d8',
303 verbose headers   server: 'cloudflare' }
304 silly get cb [ 304,
304 silly get   { date: 'Fri, 03 May 2019 11:51:54 GMT',
304 silly get     connection: 'keep-alive',
304 silly get     'set-cookie':
304 silly get      [ '__cfduid=d4b3528ca474ba067f0ec2a2db8644cdd1556884314; expires=Sat, 02-May-20 11:51:54 GMT; path=/; domain=.registry.npmjs.org; HttpOnly' ],
304 silly get     'cf-cache-status': 'HIT',
304 silly get     'cache-control': 'max-age=300',
304 silly get     'cf-ray': '4d120694afc7c057-MRS',
304 silly get     etag: '"56e5d6a75c6a6d241df4b51c47030d55"',
304 silly get     'expect-ct': 'max-age=604800, report-uri="https://report-uri.cloudflare.com/cdn-cgi/beacon/expect-ct"',
304 silly get     'last-modified': 'Sat, 16 Mar 2019 15:26:21 GMT',
304 silly get     vary: 'accept-encoding, accept',
304 silly get     'x-amz-meta-rev': '53-8164f1445840e661f870f1094022c4d8',
304 silly get     server: 'cloudflare' } ]
305 verbose etag https://registry.npmjs.org/jws from cache
306 verbose get saving jws to /home/tigani/.npm/registry.npmjs.org/jws/.cache.json
307 silly resolveWithNewModule jws@3.2.2 checking installable status
308 silly cache add args [ 'jws@^3.2.2', null ]
309 verbose cache add spec jws@^3.2.2
310 silly cache add parsed spec Result {
310 silly cache add   raw: 'jws@^3.2.2',
310 silly cache add   scope: null,
310 silly cache add   name: 'jws',
310 silly cache add   rawSpec: '^3.2.2',
310 silly cache add   spec: '>=3.2.2 <4.0.0',
310 silly cache add   type: 'range' }
311 silly addNamed jws@>=3.2.2 <4.0.0
312 verbose addNamed ">=3.2.2 <4.0.0" is a valid semver range for jws
313 silly addNameRange { name: 'jws', range: '>=3.2.2 <4.0.0', hasData: false }
314 silly mapToRegistry name jws
315 silly mapToRegistry using default registry
316 silly mapToRegistry registry https://registry.npmjs.org/
317 silly mapToRegistry uri https://registry.npmjs.org/jws
318 verbose addNameRange registry:https://registry.npmjs.org/jws not in flight; fetching
319 verbose get https://registry.npmjs.org/jws not expired, no request
320 silly addNameRange number 2 { name: 'jws', range: '>=3.2.2 <4.0.0', hasData: true }
321 silly addNameRange versions [ 'jws',
321 silly addNameRange   [ '0.0.1',
321 silly addNameRange     '0.0.2',
321 silly addNameRange     '0.2.0',
321 silly addNameRange     '0.2.1',
321 silly addNameRange     '0.2.2',
321 silly addNameRange     '0.2.3',
321 silly addNameRange     '0.2.4',
321 silly addNameRange     '0.2.5',
321 silly addNameRange     '0.2.6',
321 silly addNameRange     '1.0.0',
321 silly addNameRange     '1.0.1',
321 silly addNameRange     '2.0.0',
321 silly addNameRange     '3.0.0',
321 silly addNameRange     '3.1.0',
321 silly addNameRange     '3.1.1',
321 silly addNameRange     '3.1.2',
321 silly addNameRange     '3.1.3',
321 silly addNameRange     '3.1.4',
321 silly addNameRange     '3.1.5',
321 silly addNameRange     '3.2.0',
321 silly addNameRange     '3.2.1',
321 silly addNameRange     '3.2.2' ] ]
322 silly addNamed jws@3.2.2
323 verbose addNamed "3.2.2" is a plain semver version for jws
324 silly cache afterAdd jws@3.2.2
325 verbose afterAdd /home/tigani/.npm/jws/3.2.2/package/package.json not in flight; writing
326 verbose afterAdd /home/tigani/.npm/jws/3.2.2/package/package.json written
327 http 304 https://registry.npmjs.org/lodash.isnumber
328 verbose headers { date: 'Fri, 03 May 2019 11:51:54 GMT',
328 verbose headers   connection: 'keep-alive',
328 verbose headers   'set-cookie':
328 verbose headers    [ '__cfduid=d2fb7414410f9fe8b26e4ab09160d91361556884314; expires=Sat, 02-May-20 11:51:54 GMT; path=/; domain=.registry.npmjs.org; HttpOnly' ],
328 verbose headers   'cf-cache-status': 'HIT',
328 verbose headers   'cache-control': 'max-age=300',
328 verbose headers   'cf-ray': '4d1206951e3f25d2-MRS',
328 verbose headers   etag: '"01896db730c956173fcf0b6aec3e1170"',
328 verbose headers   'expect-ct': 'max-age=604800, report-uri="https://report-uri.cloudflare.com/cdn-cgi/beacon/expect-ct"',
328 verbose headers   'last-modified': 'Sun, 27 May 2018 06:58:40 GMT',
328 verbose headers   vary: 'accept-encoding, accept',
328 verbose headers   server: 'cloudflare' }
329 silly get cb [ 304,
329 silly get   { date: 'Fri, 03 May 2019 11:51:54 GMT',
329 silly get     connection: 'keep-alive',
329 silly get     'set-cookie':
329 silly get      [ '__cfduid=d2fb7414410f9fe8b26e4ab09160d91361556884314; expires=Sat, 02-May-20 11:51:54 GMT; path=/; domain=.registry.npmjs.org; HttpOnly' ],
329 silly get     'cf-cache-status': 'HIT',
329 silly get     'cache-control': 'max-age=300',
329 silly get     'cf-ray': '4d1206951e3f25d2-MRS',
329 silly get     etag: '"01896db730c956173fcf0b6aec3e1170"',
329 silly get     'expect-ct': 'max-age=604800, report-uri="https://report-uri.cloudflare.com/cdn-cgi/beacon/expect-ct"',
329 silly get     'last-modified': 'Sun, 27 May 2018 06:58:40 GMT',
329 silly get     vary: 'accept-encoding, accept',
329 silly get     server: 'cloudflare' } ]
330 verbose etag https://registry.npmjs.org/lodash.isnumber from cache
331 verbose get saving lodash.isnumber to /home/tigani/.npm/registry.npmjs.org/lodash.isnumber/.cache.json
332 silly resolveWithNewModule lodash.isnumber@3.0.3 checking installable status
333 silly cache add args [ 'lodash.isnumber@^3.0.3', null ]
334 verbose cache add spec lodash.isnumber@^3.0.3
335 silly cache add parsed spec Result {
335 silly cache add   raw: 'lodash.isnumber@^3.0.3',
335 silly cache add   scope: null,
335 silly cache add   name: 'lodash.isnumber',
335 silly cache add   rawSpec: '^3.0.3',
335 silly cache add   spec: '>=3.0.3 <4.0.0',
335 silly cache add   type: 'range' }
336 silly addNamed lodash.isnumber@>=3.0.3 <4.0.0
337 verbose addNamed ">=3.0.3 <4.0.0" is a valid semver range for lodash.isnumber
338 silly addNameRange { name: 'lodash.isnumber',
338 silly addNameRange   range: '>=3.0.3 <4.0.0',
338 silly addNameRange   hasData: false }
339 silly mapToRegistry name lodash.isnumber
340 silly mapToRegistry using default registry
341 silly mapToRegistry registry https://registry.npmjs.org/
342 silly mapToRegistry uri https://registry.npmjs.org/lodash.isnumber
343 verbose addNameRange registry:https://registry.npmjs.org/lodash.isnumber not in flight; fetching
344 verbose get https://registry.npmjs.org/lodash.isnumber not expired, no request
345 silly addNameRange number 2 { name: 'lodash.isnumber',
345 silly addNameRange   range: '>=3.0.3 <4.0.0',
345 silly addNameRange   hasData: true }
346 silly addNameRange versions [ 'lodash.isnumber',
346 silly addNameRange   [ '2.0.0',
346 silly addNameRange     '2.1.0',
346 silly addNameRange     '2.2.0',
346 silly addNameRange     '2.2.1',
346 silly addNameRange     '2.3.0',
346 silly addNameRange     '2.4.0',
346 silly addNameRange     '2.4.1',
346 silly addNameRange     '3.0.0',
346 silly addNameRange     '3.0.1',
346 silly addNameRange     '3.0.2',
346 silly addNameRange     '3.0.3' ] ]
347 silly addNamed lodash.isnumber@3.0.3
348 verbose addNamed "3.0.3" is a plain semver version for lodash.isnumber
349 silly cache afterAdd lodash.isnumber@3.0.3
350 verbose afterAdd /home/tigani/.npm/lodash.isnumber/3.0.3/package/package.json not in flight; writing
351 verbose afterAdd /home/tigani/.npm/lodash.isnumber/3.0.3/package/package.json written
352 http 304 https://registry.npmjs.org/ms
353 verbose headers { date: 'Fri, 03 May 2019 11:51:54 GMT',
353 verbose headers   connection: 'keep-alive',
353 verbose headers   'set-cookie':
353 verbose headers    [ '__cfduid=d01ee7bbf6666ac22e64b58277efc23701556884314; expires=Sat, 02-May-20 11:51:54 GMT; path=/; domain=.registry.npmjs.org; HttpOnly' ],
353 verbose headers   'cf-cache-status': 'HIT',
353 verbose headers   'cache-control': 'max-age=300',
353 verbose headers   'cf-ray': '4d120695cc6ac01b-MRS',
353 verbose headers   etag: '"22cc54b0ce52bb43e0c70f45fa0da474"',
353 verbose headers   'expect-ct': 'max-age=604800, report-uri="https://report-uri.cloudflare.com/cdn-cgi/beacon/expect-ct"',
353 verbose headers   'last-modified': 'Thu, 07 Mar 2019 13:11:10 GMT',
353 verbose headers   vary: 'accept-encoding, accept',
353 verbose headers   'x-amz-meta-rev': '150-82e779c143b091f01778977467ac0718',
353 verbose headers   server: 'cloudflare' }
354 silly get cb [ 304,
354 silly get   { date: 'Fri, 03 May 2019 11:51:54 GMT',
354 silly get     connection: 'keep-alive',
354 silly get     'set-cookie':
354 silly get      [ '__cfduid=d01ee7bbf6666ac22e64b58277efc23701556884314; expires=Sat, 02-May-20 11:51:54 GMT; path=/; domain=.registry.npmjs.org; HttpOnly' ],
354 silly get     'cf-cache-status': 'HIT',
354 silly get     'cache-control': 'max-age=300',
354 silly get     'cf-ray': '4d120695cc6ac01b-MRS',
354 silly get     etag: '"22cc54b0ce52bb43e0c70f45fa0da474"',
354 silly get     'expect-ct': 'max-age=604800, report-uri="https://report-uri.cloudflare.com/cdn-cgi/beacon/expect-ct"',
354 silly get     'last-modified': 'Thu, 07 Mar 2019 13:11:10 GMT',
354 silly get     vary: 'accept-encoding, accept',
354 silly get     'x-amz-meta-rev': '150-82e779c143b091f01778977467ac0718',
354 silly get     server: 'cloudflare' } ]
355 verbose etag https://registry.npmjs.org/ms from cache
356 verbose get saving ms to /home/tigani/.npm/registry.npmjs.org/ms/.cache.json
357 silly resolveWithNewModule ms@2.1.1 checking installable status
358 silly cache add args [ 'ms@^2.1.1', null ]
359 verbose cache add spec ms@^2.1.1
360 silly cache add parsed spec Result {
360 silly cache add   raw: 'ms@^2.1.1',
360 silly cache add   scope: null,
360 silly cache add   name: 'ms',
360 silly cache add   rawSpec: '^2.1.1',
360 silly cache add   spec: '>=2.1.1 <3.0.0',
360 silly cache add   type: 'range' }
361 silly addNamed ms@>=2.1.1 <3.0.0
362 verbose addNamed ">=2.1.1 <3.0.0" is a valid semver range for ms
363 silly addNameRange { name: 'ms', range: '>=2.1.1 <3.0.0', hasData: false }
364 silly mapToRegistry name ms
365 silly mapToRegistry using default registry
366 silly mapToRegistry registry https://registry.npmjs.org/
367 silly mapToRegistry uri https://registry.npmjs.org/ms
368 verbose addNameRange registry:https://registry.npmjs.org/ms not in flight; fetching
369 verbose get https://registry.npmjs.org/ms not expired, no request
370 silly addNameRange number 2 { name: 'ms', range: '>=2.1.1 <3.0.0', hasData: true }
371 silly addNameRange versions [ 'ms',
371 silly addNameRange   [ '0.1.0',
371 silly addNameRange     '0.2.0',
371 silly addNameRange     '0.3.0',
371 silly addNameRange     '0.4.0',
371 silly addNameRange     '0.5.0',
371 silly addNameRange     '0.5.1',
371 silly addNameRange     '0.6.0',
371 silly addNameRange     '0.6.1',
371 silly addNameRange     '0.6.2',
371 silly addNameRange     '0.7.0',
371 silly addNameRange     '0.7.1',
371 silly addNameRange     '0.7.2',
371 silly addNameRange     '0.7.3',
371 silly addNameRange     '1.0.0',
371 silly addNameRange     '2.0.0',
371 silly addNameRange     '2.1.0',
371 silly addNameRange     '2.1.1' ] ]
372 silly addNamed ms@2.1.1
373 verbose addNamed "2.1.1" is a plain semver version for ms
374 silly cache afterAdd ms@2.1.1
375 verbose afterAdd /home/tigani/.npm/ms/2.1.1/package/package.json not in flight; writing
376 verbose afterAdd /home/tigani/.npm/ms/2.1.1/package/package.json written
377 http 304 https://registry.npmjs.org/lodash.includes
378 verbose headers { date: 'Fri, 03 May 2019 11:51:54 GMT',
378 verbose headers   connection: 'keep-alive',
378 verbose headers   'set-cookie':
378 verbose headers    [ '__cfduid=d147e96b3c757f70391f080c69d135ac31556884314; expires=Sat, 02-May-20 11:51:54 GMT; path=/; domain=.registry.npmjs.org; HttpOnly' ],
378 verbose headers   'cf-cache-status': 'HIT',
378 verbose headers   'cache-control': 'max-age=300',
378 verbose headers   'cf-ray': '4d1206964bd65fab-MRS',
378 verbose headers   etag: '"b654d2d563188f63369055a3b6801874"',
378 verbose headers   'expect-ct': 'max-age=604800, report-uri="https://report-uri.cloudflare.com/cdn-cgi/beacon/expect-ct"',
378 verbose headers   'last-modified': 'Sun, 27 May 2018 06:58:32 GMT',
378 verbose headers   vary: 'accept-encoding, accept',
378 verbose headers   server: 'cloudflare' }
379 silly get cb [ 304,
379 silly get   { date: 'Fri, 03 May 2019 11:51:54 GMT',
379 silly get     connection: 'keep-alive',
379 silly get     'set-cookie':
379 silly get      [ '__cfduid=d147e96b3c757f70391f080c69d135ac31556884314; expires=Sat, 02-May-20 11:51:54 GMT; path=/; domain=.registry.npmjs.org; HttpOnly' ],
379 silly get     'cf-cache-status': 'HIT',
379 silly get     'cache-control': 'max-age=300',
379 silly get     'cf-ray': '4d1206964bd65fab-MRS',
379 silly get     etag: '"b654d2d563188f63369055a3b6801874"',
379 silly get     'expect-ct': 'max-age=604800, report-uri="https://report-uri.cloudflare.com/cdn-cgi/beacon/expect-ct"',
379 silly get     'last-modified': 'Sun, 27 May 2018 06:58:32 GMT',
379 silly get     vary: 'accept-encoding, accept',
379 silly get     server: 'cloudflare' } ]
380 verbose etag https://registry.npmjs.org/lodash.includes from cache
381 verbose get saving lodash.includes to /home/tigani/.npm/registry.npmjs.org/lodash.includes/.cache.json
382 silly resolveWithNewModule lodash.includes@4.3.0 checking installable status
383 silly cache add args [ 'lodash.includes@^4.3.0', null ]
384 verbose cache add spec lodash.includes@^4.3.0
385 silly cache add parsed spec Result {
385 silly cache add   raw: 'lodash.includes@^4.3.0',
385 silly cache add   scope: null,
385 silly cache add   name: 'lodash.includes',
385 silly cache add   rawSpec: '^4.3.0',
385 silly cache add   spec: '>=4.3.0 <5.0.0',
385 silly cache add   type: 'range' }
386 silly addNamed lodash.includes@>=4.3.0 <5.0.0
387 verbose addNamed ">=4.3.0 <5.0.0" is a valid semver range for lodash.includes
388 silly addNameRange { name: 'lodash.includes',
388 silly addNameRange   range: '>=4.3.0 <5.0.0',
388 silly addNameRange   hasData: false }
389 silly mapToRegistry name lodash.includes
390 silly mapToRegistry using default registry
391 silly mapToRegistry registry https://registry.npmjs.org/
392 silly mapToRegistry uri https://registry.npmjs.org/lodash.includes
393 verbose addNameRange registry:https://registry.npmjs.org/lodash.includes not in flight; fetching
394 verbose get https://registry.npmjs.org/lodash.includes not expired, no request
395 silly addNameRange number 2 { name: 'lodash.includes',
395 silly addNameRange   range: '>=4.3.0 <5.0.0',
395 silly addNameRange   hasData: true }
396 silly addNameRange versions [ 'lodash.includes',
396 silly addNameRange   [ '3.0.0',
396 silly addNameRange     '3.1.0',
396 silly addNameRange     '3.1.1',
396 silly addNameRange     '3.1.2',
396 silly addNameRange     '3.1.3',
396 silly addNameRange     '4.0.0',
396 silly addNameRange     '4.0.1',
396 silly addNameRange     '4.1.0',
396 silly addNameRange     '4.1.1',
396 silly addNameRange     '4.1.2',
396 silly addNameRange     '4.1.3',
396 silly addNameRange     '4.2.0',
396 silly addNameRange     '4.3.0' ] ]
397 silly addNamed lodash.includes@4.3.0
398 verbose addNamed "4.3.0" is a plain semver version for lodash.includes
399 silly cache afterAdd lodash.includes@4.3.0
400 verbose afterAdd /home/tigani/.npm/lodash.includes/4.3.0/package/package.json not in flight; writing
401 verbose afterAdd /home/tigani/.npm/lodash.includes/4.3.0/package/package.json written
402 http fetch 200 https://registry.npmjs.org/lodash.isinteger/-/lodash.isinteger-4.0.4.tgz
403 silly fetchAndShaCheck shasum 619c0af3d03f8b04c31f5882840b77b11cd68343
404 verbose addTmpTarball /tmp/npm-4281-dad30c74/registry.npmjs.org/lodash.isinteger/-/lodash.isinteger-4.0.4.tgz not in flight; adding
405 verbose addTmpTarball already have metadata; skipping unpack for lodash.isinteger@4.0.4
406 silly cache afterAdd lodash.isinteger@4.0.4
407 verbose afterAdd /home/tigani/.npm/lodash.isinteger/4.0.4/package/package.json not in flight; writing
408 verbose afterAdd /home/tigani/.npm/lodash.isinteger/4.0.4/package/package.json written
409 http fetch 200 https://registry.npmjs.org/lodash.isstring/-/lodash.isstring-4.0.1.tgz
410 silly fetchAndShaCheck shasum d527dfb5456eca7cc9bb95d5daeaf88ba54a5451
411 verbose addTmpTarball /tmp/npm-4281-dad30c74/registry.npmjs.org/lodash.isstring/-/lodash.isstring-4.0.1.tgz not in flight; adding
412 verbose addTmpTarball already have metadata; skipping unpack for lodash.isstring@4.0.1
413 silly cache afterAdd lodash.isstring@4.0.1
414 verbose afterAdd /home/tigani/.npm/lodash.isstring/4.0.1/package/package.json not in flight; writing
415 verbose afterAdd /home/tigani/.npm/lodash.isstring/4.0.1/package/package.json written
416 http fetch 200 https://registry.npmjs.org/lodash.isplainobject/-/lodash.isplainobject-4.0.6.tgz
417 silly fetchAndShaCheck shasum 7c526a52d89b45c45cc690b88163be0497f550cb
418 verbose addTmpTarball /tmp/npm-4281-dad30c74/registry.npmjs.org/lodash.isplainobject/-/lodash.isplainobject-4.0.6.tgz not in flight; adding
419 verbose addTmpTarball already have metadata; skipping unpack for lodash.isplainobject@4.0.6
420 silly cache afterAdd lodash.isplainobject@4.0.6
421 verbose afterAdd /home/tigani/.npm/lodash.isplainobject/4.0.6/package/package.json not in flight; writing
422 verbose afterAdd /home/tigani/.npm/lodash.isplainobject/4.0.6/package/package.json written
423 http fetch 200 https://registry.npmjs.org/lodash.once/-/lodash.once-4.1.1.tgz
424 silly fetchAndShaCheck shasum 0dd3971213c7c56df880977d504c88fb471a97ac
425 verbose addTmpTarball /tmp/npm-4281-dad30c74/registry.npmjs.org/lodash.once/-/lodash.once-4.1.1.tgz not in flight; adding
426 verbose addTmpTarball already have metadata; skipping unpack for lodash.once@4.1.1
427 silly cache afterAdd lodash.once@4.1.1
428 verbose afterAdd /home/tigani/.npm/lodash.once/4.1.1/package/package.json not in flight; writing
429 verbose afterAdd /home/tigani/.npm/lodash.once/4.1.1/package/package.json written
430 silly fetchNamedPackageData jwa
431 silly mapToRegistry name jwa
432 silly mapToRegistry using default registry
433 silly mapToRegistry registry https://registry.npmjs.org/
434 silly mapToRegistry uri https://registry.npmjs.org/jwa
435 verbose request uri https://registry.npmjs.org/jwa
436 verbose request no auth needed
437 info attempt registry request try #1 at 13:52:11
438 http request GET https://registry.npmjs.org/jwa
439 info retry will retry, error on last attempt: Error: read EINVAL
440 info attempt registry request try #2 at 14:09:36
441 http request GET https://registry.npmjs.org/jwa
442 info retry will retry, error on last attempt: Error: getaddrinfo ENOTFOUND registry.npmjs.org registry.npmjs.org:443
443 info attempt registry request try #3 at 14:10:46
444 http request GET https://registry.npmjs.org/jwa
445 silly fetchPackageMetaData Error: getaddrinfo ENOTFOUND registry.npmjs.org registry.npmjs.org:443
445 silly fetchPackageMetaData     at errnoException (dns.js:50:10)
445 silly fetchPackageMetaData     at GetAddrInfoReqWrap.onlookup [as oncomplete] (dns.js:92:26)
445 silly fetchPackageMetaData  error for jwa@^1.4.1 { Error: getaddrinfo ENOTFOUND registry.npmjs.org registry.npmjs.org:443
445 silly fetchPackageMetaData     at errnoException (dns.js:50:10)
445 silly fetchPackageMetaData     at GetAddrInfoReqWrap.onlookup [as oncomplete] (dns.js:92:26)
445 silly fetchPackageMetaData   code: 'ENOTFOUND',
445 silly fetchPackageMetaData   errno: 'ENOTFOUND',
445 silly fetchPackageMetaData   syscall: 'getaddrinfo',
445 silly fetchPackageMetaData   hostname: 'registry.npmjs.org',
445 silly fetchPackageMetaData   host: 'registry.npmjs.org',
445 silly fetchPackageMetaData   port: 443 }
446 silly rollbackFailedOptional Starting
447 silly rollbackFailedOptional Finishing
448 silly runTopLevelLifecycles Starting
449 silly runTopLevelLifecycles Finishing
450 silly install printInstalled
451 verbose stack Error: getaddrinfo ENOTFOUND registry.npmjs.org registry.npmjs.org:443
451 verbose stack     at errnoException (dns.js:50:10)
451 verbose stack     at GetAddrInfoReqWrap.onlookup [as oncomplete] (dns.js:92:26)
452 verbose cwd /home/tigani/Documents/i-Survey/i-survey backend
453 error Linux 4.15.0-47-generic
454 error argv "/usr/bin/node" "/usr/bin/npm" "install" "--save" "jsonwebtoken"
455 error node v8.10.0
456 error npm  v3.5.2
457 error code ENOTFOUND
458 error errno ENOTFOUND
459 error syscall getaddrinfo
460 error network getaddrinfo ENOTFOUND registry.npmjs.org registry.npmjs.org:443
461 error network This is most likely not a problem with npm itself
461 error network and is related to network connectivity.
461 error network In most cases you are behind a proxy or have bad network settings.
461 error network
461 error network If you are behind a proxy, please make sure that the
461 error network 'proxy' config is set properly.  See: 'npm help config'
462 verbose exit [ 1, true ]
